proguard/seeds.txt
com.mame.flappy.FlappyApplication
com.mame.flappy.FlappyApplication: FlappyApplication()
com.mame.flappy.LcomBaseActivity
com.mame.flappy.LcomBaseActivity: LcomBaseActivity()
com.mame.flappy.R$array: int contact_category
com.mame.flappy.R$array: int help_label
com.mame.flappy.R$attr: int adSize
com.mame.flappy.R$attr: int adSizes
com.mame.flappy.R$attr: int adUnitId
com.mame.flappy.R$attr: int cameraBearing
com.mame.flappy.R$attr: int cameraTargetLat
com.mame.flappy.R$attr: int cameraTargetLng
com.mame.flappy.R$attr: int cameraTilt
com.mame.flappy.R$attr: int cameraZoom
com.mame.flappy.R$attr: int mapType
com.mame.flappy.R$attr: int uiCompass
com.mame.flappy.R$attr: int uiRotateGestures
com.mame.flappy.R$attr: int uiScrollGestures
com.mame.flappy.R$attr: int uiTiltGestures
com.mame.flappy.R$attr: int uiZoomControls
com.mame.flappy.R$attr: int uiZoomGestures
com.mame.flappy.R$attr: int useViewLifecycle
com.mame.flappy.R$attr: int zOrderOnTop
com.mame.flappy.R$bool: int ga_anonymizeIp
com.mame.flappy.R$bool: int ga_autoActivityTracking
com.mame.flappy.R$bool: int ga_reportUncaughtExceptions
com.mame.flappy.R$color: int common_action_bar_splitter
com.mame.flappy.R$color: int common_signin_btn_dark_text_default
com.mame.flappy.R$color: int common_signin_btn_dark_text_disabled
com.mame.flappy.R$color: int common_signin_btn_dark_text_focused
com.mame.flappy.R$color: int common_signin_btn_dark_text_pressed
com.mame.flappy.R$color: int common_signin_btn_default_background
com.mame.flappy.R$color: int common_signin_btn_light_text_default
com.mame.flappy.R$color: int common_signin_btn_light_text_disabled
com.mame.flappy.R$color: int common_signin_btn_light_text_focused
com.mame.flappy.R$color: int common_signin_btn_light_text_pressed
com.mame.flappy.R$color: int common_signin_btn_text_dark
com.mame.flappy.R$color: int common_signin_btn_text_light
com.mame.flappy.R$color: int flappy_basic_black
com.mame.flappy.R$color: int flappy_dark_pink
com.mame.flappy.R$color: int flappy_disabled_gray
com.mame.flappy.R$color: int flappy_note_green
com.mame.flappy.R$color: int flappy_pink
com.mame.flappy.R$color: int flappy_white
com.mame.flappy.R$dimen: int about_flappy_horizontal_margin
com.mame.flappy.R$dimen: int about_flappy_horizontal_padding
com.mame.flappy.R$dimen: int about_sentence_margin
com.mame.flappy.R$dimen: int activity_horizontal_margin
com.mame.flappy.R$dimen: int activity_vertical_margin
com.mame.flappy.R$dimen: int add_friend_padding
com.mame.flappy.R$dimen: int block_margin_bottom
com.mame.flappy.R$dimen: int block_margin_top
com.mame.flappy.R$dimen: int contact_margin_bottom
com.mame.flappy.R$dimen: int contact_margin_dislay_top
com.mame.flappy.R$dimen: int contact_margin_top
com.mame.flappy.R$dimen: int conversation_bottom
com.mame.flappy.R$dimen: int conversation_list_image_size
com.mame.flappy.R$dimen: int conversation_margin
com.mame.flappy.R$dimen: int create_account_block_padding
com.mame.flappy.R$dimen: int default_font_size_description
com.mame.flappy.R$dimen: int default_font_size_larze
com.mame.flappy.R$dimen: int default_font_size_middle
com.mame.flappy.R$dimen: int default_font_size_subtitle
com.mame.flappy.R$dimen: int default_margin
com.mame.flappy.R$dimen: int default_margin_vertical
com.mame.flappy.R$dimen: int default_padding
com.mame.flappy.R$dimen: int default_padding_vertical
com.mame.flappy.R$dimen: int default_text_size
com.mame.flappy.R$dimen: int friend_list_image_size
com.mame.flappy.R$dimen: int title_text_size
...
com.google.android.gms.internal.hz
com.google.android.gms.internal.id
com.google.android.gms.internal.im
com.google.android.gms.internal.io
com.google.android.gms.internal.ir
com.google.android.gms.internal.ir$a
com.google.android.gms.internal.ir$b
com.google.android.gms.internal.ir$b$a
com.google.android.gms.internal.ir$b$b
com.google.android.gms.internal.ir$c
com.google.android.gms.internal.ir$d
com.google.android.gms.internal.ir$f
com.google.android.gms.internal.ir$g
com.google.android.gms.internal.ir$h
com.google.android.gms.internal.jh
com.google.android.gms.internal.jh: android.os.Parcelable$Creator CREATOR
com.google.android.gms.internal.jj
com.google.android.gms.internal.jj: android.os.Parcelable$Creator CREATOR
com.google.android.gms.internal.jl
com.google.android.gms.internal.jl: android.os.Parcelable$Creator CREATOR
com.google.android.gms.internal.jm
com.google.android.gms.internal.jm: android.os.Parcelable$Creator CREATOR
com.google.android.gms.internal.jp
com.google.android.gms.internal.jp: android.os.Parcelable$Creator CREATOR
com.google.android.gms.internal.jr
com.google.android.gms.internal.jr: android.os.Parcelable$Creator CREATOR
com.google.android.gms.internal.jt
com.google.android.gms.internal.jt: android.os.Parcelable$Creator CREATOR
com.google.android.gms.internal.jv
com.google.android.gms.internal.jv: android.os.Parcelable$Creator CREATOR
com.google.android.gms.internal.z
com.google.android.gms.location.ActivityRecognitionResult
com.google.android.gms.location.DetectedActivity
com.google.android.gms.location.LocationRequest
com.google.android.gms.location.b
com.google.android.gms.maps.GoogleMapOptions
com.google.android.gms.maps.MapView: com.google.android.gms.maps.GoogleMap getMap()
com.google.android.gms.maps.model.CameraPosition
com.google.android.gms.maps.model.CircleOptions
com.google.android.gms.maps.model.GroundOverlayOptions
com.google.android.gms.maps.model.LatLng
com.google.android.gms.maps.model.LatLngBounds
com.google.android.gms.maps.model.MarkerOptions
com.google.android.gms.maps.model.PolygonOptions
com.google.android.gms.maps.model.PolylineOptions
com.google.android.gms.maps.model.Tile
com.google.android.gms.maps.model.TileOverlayOptions
com.google.android.gms.maps.model.VisibleRegion
com.google.android.gms.plus.PlusOneButton: void setOnPlusOneClickListener(com.google.android.gms.plus.PlusOneButton$OnPlusOneClickListener)
com.google.android.gms.plus.PlusOneButton: void setAnnotation(int)
com.google.android.gms.plus.PlusOneButton: void setSize(int)
com.google.android.gms.plus.internal.PlusCommonExtras
com.google.android.gms.plus.internal.h
com.google.android.gms.tagmanager.az$a: com.google.android.gms.tagmanager.az$a[] values()
com.google.android.gms.tagmanager.az$a: com.google.android.gms.tagmanager.az$a valueOf(java.lang.String)
com.google.android.gms.tagmanager.bg$a: com.google.android.gms.tagmanager.bg$a[] values()
com.google.android.gms.tagmanager.bg$a: com.google.android.gms.tagmanager.bg$a valueOf(java.lang.String)
com.google.android.gms.tagmanager.ce$a: com.google.android.gms.tagmanager.ce$a[] values()
com.google.android.gms.tagmanager.ce$a: com.google.android.gms.tagmanager.ce$a valueOf(java.lang.String)
com.google.android.gms.wallet.Address
com.google.android.gms.wallet.Address: android.os.Parcelable$Creator CREATOR
com.google.android.gms.wallet.Cart
com.google.android.gms.wallet.Cart: android.os.Parcelable$Creator CREATOR
com.google.android.gms.wallet.CountrySpecification
com.google.android.gms.wallet.CountrySpecification: android.os.Parcelable$Creator CREATOR
com.google.android.gms.wallet.FullWallet
com.google.android.gms.wallet.FullWallet: android.os.Parcelable$Creator CREATOR
com.google.android.gms.wallet.FullWalletRequest
com.google.android.gms.wallet.FullWalletRequest: android.os.Parcelable$Creator CREATOR
com.google.android.gms.wallet.InstrumentInfo
com.google.android.gms.wallet.InstrumentInfo: android.os.Parcelable$Creator CREATOR