proguard/mapping.txt
com.mame.flappy.FlappyApplication -> com.mame.flappy.FlappyApplication:
    java.lang.String TAG -> a
    com.google.android.gms.gcm.GoogleCloudMessaging mGcm -> b
    void onCreate() -> onCreate
    void onTerminate() -> onTerminate
    void onConfigurationChanged(android.content.res.Configuration) -> onConfigurationChanged
com.mame.flappy.LcomBaseActivity -> com.mame.flappy.LcomBaseActivity:
    java.lang.String TAG -> a
    void onCreate(android.os.Bundle) -> onCreate
    void onStart() -> onStart
    void onResume() -> onResume
    void onPause() -> onPause
    void onStop() -> onStop
    void onDestroy() -> onDestroy
    void onConfigurationChanged(android.content.res.Configuration) -> onConfigurationChanged
com.mame.flappy.constant.LcomConst -> com.mame.flappy.a.a:
com.mame.flappy.constant.LcomConst$LOCALE_SETTING -> com.mame.flappy.a.b:
    com.mame.flappy.constant.LcomConst$LOCALE_SETTING ENGLISH -> a
    com.mame.flappy.constant.LcomConst$LOCALE_SETTING JAPANESE -> b
    com.mame.flappy.constant.LcomConst$LOCALE_SETTING[] ENUM$VALUES -> c
    com.mame.flappy.constant.LcomConst$LOCALE_SETTING[] values() -> values
    com.mame.flappy.constant.LcomConst$LOCALE_SETTING valueOf(java.lang.String) -> valueOf
com.mame.flappy.constant.LcomConst$ServerRequestContext -> com.mame.flappy.a.c:
    com.mame.flappy.constant.LcomConst$ServerRequestContext none -> a
    com.mame.flappy.constant.LcomConst$ServerRequestContext requestNewUserData -> b
    com.mame.flappy.constant.LcomConst$ServerRequestContext requestAllNewUserData -> c
    com.mame.flappy.constant.LcomConst$ServerRequestContext sendAndRegiserMessage -> d
    com.mame.flappy.constant.LcomConst$ServerRequestContext requestConversationData -> e
    com.mame.flappy.constant.LcomConst$ServerRequestContext requestFriendThumbnails -> f
    com.mame.flappy.constant.LcomConst$ServerRequestContext[] ENUM$VALUES -> g
    com.mame.flappy.constant.LcomConst$ServerRequestContext[] values() -> values
    com.mame.flappy.constant.LcomConst$ServerRequestContext valueOf(java.lang.String) -> valueOf
com.mame.flappy.data.ContactsListData -> com.mame.flappy.b.a:
    java.lang.String mContactId -> a
    java.lang.String mContactName -> b
    java.lang.String mAddress -> c
    android.graphics.Bitmap mThumbnail -> d
    void setMailAddress(java.lang.String) -> a
    java.lang.String getContactId() -> a
    java.lang.String getContactName() -> b
    java.lang.String getMailAddress() -> c
    android.graphics.Bitmap getThumbnailData() -> d
com.mame.flappy.data.ConversationDataComparator -> com.mame.flappy.b.b:
    int compare(com.mame.flappy.data.MessageItemData,com.mame.flappy.data.MessageItemData) -> a
    int compare(java.lang.Object,java.lang.Object) -> compare
com.mame.flappy.data.FriendListData -> com.mame.flappy.b.c:
    int mFriendId -> a
    java.lang.String mFriendName -> b
    java.lang.String mLastSenderName -> c
    int mLastSenderId -> d
    java.lang.String mLastMessage -> e
    long mMessageDate -> f
    int mNumOfNewMessage -> g
    java.lang.String mMailAddress -> h
    android.graphics.Bitmap mThumbnail -> i
    void setLastMessage(java.lang.String) -> a
    void setNumOfNewMessage(int) -> a
    void setThumbnail(android.graphics.Bitmap) -> a
    int getFriendId() -> a
    java.lang.String getFriendName() -> b
    int getLastSender() -> c
    java.lang.String getLastMessage() -> d
    long getMessagDate() -> e
    int getNumOfNewMessage() -> f
    java.lang.String getMailAddress() -> g
    android.graphics.Bitmap getThumbnail() -> h
...
net.sqlcipher.R$string -> net.sqlcipher.R$string:
    int app_name -> app_name
    int hello -> hello
net.sqlcipher.SQLException -> net.sqlcipher.SQLException:
net.sqlcipher.StaleDataException -> net.sqlcipher.StaleDataException:
net.sqlcipher.database.DatabaseObjectNotClosedException -> net.sqlcipher.database.DatabaseObjectNotClosedException:
    java.lang.String s -> s
net.sqlcipher.database.SQLiteAbortException -> net.sqlcipher.database.SQLiteAbortException:
net.sqlcipher.database.SQLiteClosable -> net.sqlcipher.database.SQLiteClosable:
    int mReferenceCount -> mReferenceCount
    java.lang.Object mLock -> mLock
    void onAllReferencesReleased() -> onAllReferencesReleased
    void onAllReferencesReleasedFromContainer() -> onAllReferencesReleasedFromContainer
    void acquireReference() -> acquireReference
    void releaseReference() -> releaseReference
    void releaseReferenceFromContainer() -> releaseReferenceFromContainer
    java.lang.String getObjInfo() -> getObjInfo
net.sqlcipher.database.SQLiteCompiledSql -> net.sqlcipher.database.SQLiteCompiledSql:
    java.lang.String TAG -> TAG
    net.sqlcipher.database.SQLiteDatabase mDatabase -> mDatabase
    int nHandle -> nHandle
    int nStatement -> nStatement
    java.lang.String mSqlStmt -> mSqlStmt
    java.lang.Throwable mStackTrace -> mStackTrace
    boolean mInUse -> mInUse
    void compile(java.lang.String,boolean) -> compile
    void releaseSqlStatement() -> releaseSqlStatement
    boolean acquire() -> acquire
    void release() -> release
    void finalize() -> finalize
    void native_compile(java.lang.String) -> native_compile
    void native_finalize() -> native_finalize
net.sqlcipher.database.SQLiteConstraintException -> net.sqlcipher.database.SQLiteConstraintException:
net.sqlcipher.database.SQLiteContentHelper -> net.sqlcipher.database.SQLiteContentHelper:
    android.content.res.AssetFileDescriptor getBlobColumnAsAssetFile(net.sqlcipher.database.SQLiteDatabase,java.lang.String,java.lang.String[]) -> getBlobColumnAsAssetFile
    android.os.MemoryFile simpleQueryForBlobMemoryFile(net.sqlcipher.database.SQLiteDatabase,java.lang.String,java.lang.String[]) -> simpleQueryForBlobMemoryFile
net.sqlcipher.database.SQLiteCursor -> net.sqlcipher.database.SQLiteCursor:
    java.lang.String TAG -> TAG
    int NO_COUNT -> NO_COUNT
    java.lang.String mEditTable -> mEditTable
    java.lang.String[] mColumns -> mColumns
    net.sqlcipher.database.SQLiteQuery mQuery -> mQuery
    net.sqlcipher.database.SQLiteDatabase mDatabase -> mDatabase
    net.sqlcipher.database.SQLiteCursorDriver mDriver -> mDriver
    int mCount -> mCount
    java.util.Map mColumnNameMap -> mColumnNameMap
    java.lang.Throwable mStackTrace -> mStackTrace
    int mMaxRead -> mMaxRead
    int mInitialRead -> mInitialRead
    int mCursorState -> mCursorState
    java.util.concurrent.locks.ReentrantLock mLock -> mLock
    boolean mPendingData -> mPendingData
    net.sqlcipher.database.SQLiteCursor$MainThreadNotificationHandler mNotificationHandler -> mNotificationHandler
    void setLoadStyle(int,int) -> setLoadStyle
    void queryThreadLock() -> queryThreadLock
    void queryThreadUnlock() -> queryThreadUnlock
    void registerDataSetObserver(android.database.DataSetObserver) -> registerDataSetObserver
    net.sqlcipher.database.SQLiteDatabase getDatabase() -> getDatabase
    boolean onMove(int,int) -> onMove
    int getCount() -> getCount
    void fillWindow(int) -> fillWindow
    int getColumnIndex(java.lang.String) -> getColumnIndex
    boolean deleteRow() -> deleteRow
    java.lang.String[] getColumnNames() -> getColumnNames
    boolean supportsUpdates() -> supportsUpdates
net.sqlcipher.database.SQLiteCursor$MainThreadNotificationHandler -> net.sqlcipher.database.SQLiteCursor$MainThreadNotificationHandler:
    net.sqlcipher.database.SQLiteCursor this$0 -> this$0
    void handleMessage(android.os.Message) -> handleMessage