proguard/usage.txt
com.mame.flappy.BuildConfig
com.mame.flappy.Manifest
com.mame.flappy.Manifest$permission
com.mame.flappy.R
com.mame.flappy.R$array
com.mame.flappy.R$attr
com.mame.flappy.R$bool
com.mame.flappy.R$color
com.mame.flappy.R$dimen
com.mame.flappy.R$drawable
com.mame.flappy.R$id
com.mame.flappy.R$integer
com.mame.flappy.R$layout
com.mame.flappy.R$menu
com.mame.flappy.R$raw
com.mame.flappy.R$string
com.mame.flappy.R$style
com.mame.flappy.R$styleable
com.mame.flappy.R$xml
com.mame.flappy.constant.LcomConst:
    public static final java.lang.String TAG
    public static final java.lang.String DEVELOPMENT_BASE_URL
    public static final java.lang.String DEVELOPMENT_BASE_HTTPS_URL
    public static final java.lang.String RELEASE_BASE_URL
    public static final java.lang.String RELEASE_BASE_HTTPS_URL
    public static final java.lang.String FLAPPY_MAIL_ADDRESS
    public static final java.lang.String TOC_AUTOHRITY
    public static final java.lang.String PRIVACY_AUTOHRITY
    public static final java.lang.String PROFILE_THUMBNAIL
    public static final java.lang.String DATABASE_NAME
    public static final java.lang.String NULL
    public static final int API_LEVEL
    public static final boolean IS_DEBUG
    public static final int NO_USER
    public static final int MESSAGE_MAX_LENGTH
    public static final int MAX_MESSAGE_LENGTH
    public static final int ITEM_ON_SCREEN
    public static final java.lang.String DATE_PATTERN
    public static final java.lang.String SERVLET_USER_ID
    public static final java.lang.String SERVLET_USER_NAME
    public static final java.lang.String SERVLET_TARGET_USER_ID
    public static final java.lang.String SERVLET_TARGET_USER_NAME
    public static final java.lang.String SERVLET_PASSWORD
    public static final java.lang.String SERVLET_MAILADDRESS
    public static final java.lang.String SERVLET_LANGUAGE
    public static final java.lang.String SERVLET_MESSAGE_BODY
com.mame.flappy.data.ContactsListData:
    24:25:public void setContactId(java.lang.String)
    28:29:public void setContactName(java.lang.String)
    36:37:public void setThumbnailData(android.graphics.Bitmap)
com.mame.flappy.data.FriendListData:
    44:45:public void setFriendId(int)
    52:53:public void setFriendName(java.lang.String)
    56:57:public void setLastSender(java.lang.String)
    64:65:public void setMessagDate(long)
    72:73:public void setMailAddress(java.lang.String)
com.mame.flappy.data.FriendListDataComparator
com.mame.flappy.data.FriendListUpdateData
com.mame.flappy.data.MessageItemData:
    65:65:public android.graphics.Bitmap getThumbnail()
    69:70:public void setFromUserId(int)
    73:74:public void setToUserId(int)
    77:78:public void setFromUserName(java.lang.String)
    81:82:public void setToUserName(java.lang.String)
    85:86:public void setMessage(java.lang.String)
    89:90:public void setPostedDate(long)
    93:94:public void setThumbnail(android.graphics.Bitmap)
com.mame.flappy.data.NotificationContentData:
    32:32:public int getNumberOfMesage()
    40:41:public void setToUserId(int)
    44:45:public void setFromUserId(int)
    48:49:public void setNumberOfMessage(int)
    52:53:public void setExpireDate(long)
com.mame.flappy.datamanager.FriendDataManager:
    private static final java.lang.String TAG
    108:108:public void onPause()
    267:275:public void notifyLocalUserDataSet(java.util.ArrayList)
com.mame.flappy.db.DatabaseDef:
    public static final java.lang.String AUTHORITY
    static final java.lang.String DATABASE_NAME
    static final int DATABASE_VERSION
    8:8:public DatabaseDef()
com.mame.flappy.db.DatabaseDef$Constants
com.mame.flappy.db.DatabaseDef$FriendshipColumns
com.mame.flappy.db.DatabaseDef$FriendshipTable:
    public static final java.lang.String TABLE_NAME
    public static final java.lang.String MIME_TYPE
    public static final java.lang.String FRIENDSHIP_PATH
    public static final java.lang.String SINGLE_FRIENDSHIP_PATH
com.mame.flappy.db.DatabaseDef$MessageColumns
...
com.google.android.gms.maps.GoogleMap$8
com.google.android.gms.maps.GoogleMap$9
com.google.android.gms.maps.GoogleMap$CancelableCallback
com.google.android.gms.maps.GoogleMap$InfoWindowAdapter
com.google.android.gms.maps.GoogleMap$OnCameraChangeListener
com.google.android.gms.maps.GoogleMap$OnInfoWindowClickListener
com.google.android.gms.maps.GoogleMap$OnMapClickListener
com.google.android.gms.maps.GoogleMap$OnMapLoadedCallback
com.google.android.gms.maps.GoogleMap$OnMapLongClickListener
com.google.android.gms.maps.GoogleMap$OnMarkerClickListener
com.google.android.gms.maps.GoogleMap$OnMarkerDragListener
com.google.android.gms.maps.GoogleMap$OnMyLocationButtonClickListener
com.google.android.gms.maps.GoogleMap$OnMyLocationChangeListener
com.google.android.gms.maps.GoogleMap$SnapshotReadyCallback
com.google.android.gms.maps.GoogleMap$a
com.google.android.gms.maps.GoogleMapOptions:
    public com.google.android.gms.maps.GoogleMapOptions zOrderOnTop(boolean)
    public com.google.android.gms.maps.GoogleMapOptions useViewLifecycleInFragment(boolean)
    public com.google.android.gms.maps.GoogleMapOptions mapType(int)
    public com.google.android.gms.maps.GoogleMapOptions camera(com.google.android.gms.maps.model.CameraPosition)
    public com.google.android.gms.maps.GoogleMapOptions zoomControlsEnabled(boolean)
    public com.google.android.gms.maps.GoogleMapOptions compassEnabled(boolean)
    public com.google.android.gms.maps.GoogleMapOptions scrollGesturesEnabled(boolean)
    public com.google.android.gms.maps.GoogleMapOptions zoomGesturesEnabled(boolean)
    public com.google.android.gms.maps.GoogleMapOptions tiltGesturesEnabled(boolean)
    public com.google.android.gms.maps.GoogleMapOptions rotateGesturesEnabled(boolean)
    public java.lang.Boolean getZOrderOnTop()
    public java.lang.Boolean getUseViewLifecycleInFragment()
    public java.lang.Boolean getZoomControlsEnabled()
    public java.lang.Boolean getCompassEnabled()
    public java.lang.Boolean getScrollGesturesEnabled()
    public java.lang.Boolean getZoomGesturesEnabled()
    public java.lang.Boolean getTiltGesturesEnabled()
    public java.lang.Boolean getRotateGesturesEnabled()
    public static com.google.android.gms.maps.GoogleMapOptions createFromAttributes(android.content.Context,android.util.AttributeSet)
com.google.android.gms.maps.GoogleMapOptionsCreator:
    public static final int CONTENT_DESCRIPTION
com.google.android.gms.maps.LocationSource
com.google.android.gms.maps.LocationSource$OnLocationChangedListener
com.google.android.gms.maps.MapFragment
com.google.android.gms.maps.MapFragment$a
com.google.android.gms.maps.MapFragment$b
com.google.android.gms.maps.MapView
com.google.android.gms.maps.MapView$a
com.google.android.gms.maps.MapView$b
com.google.android.gms.maps.MapsInitializer
com.google.android.gms.maps.Projection
com.google.android.gms.maps.SupportMapFragment
com.google.android.gms.maps.SupportMapFragment$a
com.google.android.gms.maps.SupportMapFragment$b
com.google.android.gms.maps.UiSettings
com.google.android.gms.maps.internal.ICameraUpdateFactoryDelegate
com.google.android.gms.maps.internal.ICameraUpdateFactoryDelegate$a
com.google.android.gms.maps.internal.ICameraUpdateFactoryDelegate$a$a
com.google.android.gms.maps.internal.IGoogleMapDelegate
com.google.android.gms.maps.internal.IGoogleMapDelegate$a
com.google.android.gms.maps.internal.IGoogleMapDelegate$a$a
com.google.android.gms.maps.internal.ILocationSourceDelegate
com.google.android.gms.maps.internal.ILocationSourceDelegate$a
com.google.android.gms.maps.internal.ILocationSourceDelegate$a$a
com.google.android.gms.maps.internal.IMapFragmentDelegate
com.google.android.gms.maps.internal.IMapFragmentDelegate$a
com.google.android.gms.maps.internal.IMapFragmentDelegate$a$a
com.google.android.gms.maps.internal.IMapViewDelegate
com.google.android.gms.maps.internal.IMapViewDelegate$a
com.google.android.gms.maps.internal.IMapViewDelegate$a$a